<?xml version="1.0" encoding="UTF-8"?>
<testng-results skipped="0" failed="0" total="3" passed="3">
  <reporter-output>
  </reporter-output>
  <suite name="Suite" duration-ms="11612" started-at="2019-05-01T11:46:04Z" finished-at="2019-05-01T11:46:16Z">
    <groups>
    </groups>
    <test name="Test" duration-ms="11612" started-at="2019-05-01T11:46:04Z" finished-at="2019-05-01T11:46:16Z">
      <class name="com.runner.test.TestEvents">
        <test-method status="PASS" signature="connectESBDatabaseTest()[pri:0, instance:com.runner.test.TestEvents@46a388cc]" name="connectESBDatabaseTest" is-config="true" duration-ms="11487" started-at="2019-05-01T17:16:04Z" finished-at="2019-05-01T17:16:16Z">
          <reporter-output>
          </reporter-output>
        </test-method> <!-- connectESBDatabaseTest -->
        <test-method status="PASS" signature="WOPHierarchyCreationTest()[pri:0, instance:com.runner.test.TestEvents@46a388cc]" name="WOPHierarchyCreationTest" duration-ms="44" started-at="2019-05-01T17:16:16Z" finished-at="2019-05-01T17:16:16Z">
          <reporter-output>
          </reporter-output>
        </test-method> <!-- WOPHierarchyCreationTest -->
        <test-method status="PASS" signature="MPHierarchyCreationTest()[pri:0, instance:com.runner.test.TestEvents@46a388cc]" name="MPHierarchyCreationTest" duration-ms="4" started-at="2019-05-01T17:16:16Z" finished-at="2019-05-01T17:16:16Z">
          <reporter-output>
          </reporter-output>
        </test-method> <!-- MPHierarchyCreationTest -->
        <test-method status="PASS" signature="MediatorHierarchyCreationTest()[pri:0, instance:com.runner.test.TestEvents@46a388cc]" name="MediatorHierarchyCreationTest" duration-ms="3" started-at="2019-05-01T17:16:16Z" finished-at="2019-05-01T17:16:16Z">
          <reporter-output>
          </reporter-output>
        </test-method> <!-- MediatorHierarchyCreationTest -->
      </class> <!-- com.runner.test.TestEvents -->
    </test> <!-- Test -->
  </suite> <!-- Suite -->
</testng-results>
