<?xml version="1.0" encoding="UTF-8"?>
<testsuite name="TestSuite" time="370.725" tests="7" errors="0" skipped="6" failures="1">
  <properties>
[...]
</properties>
  <testcase name="connectESBDatabaseTest" classname="com.runner.test.TestEvents" time="370.725">
    <failure message="Java heap space" type="java.lang.OutOfMemoryError">java.lang.OutOfMemoryError: Java heap space
	at java.util.Arrays.copyOf(Arrays.java:3332)
	at java.lang.AbstractStringBuilder.ensureCapacityInternal(AbstractStringBuilder.java:124)
	at java.lang.AbstractStringBuilder.append(AbstractStringBuilder.java:448)
	at java.lang.StringBuilder.append(StringBuilder.java:136)
	at java.lang.StringBuilder.append(StringBuilder.java:131)
	at java.util.AbstractCollection.toString(AbstractCollection.java:462)
	at com.cmstestbase.test.CMSTestBase.ConnectToESBDatabase(CMSTestBase.java:471)
	at com.cmstestbase.test.CMSTestBase.ConnectDBandExecuteESBQuery(CMSTestBase.java:331)
	at com.utils.test.Utility.connectToEsbDatabase(Utility.java:19)
	at com.runner.test.TestEvents.connectESBDatabaseTest(TestEvents.java:23)
</failure>
    <system-out>{CMSNVFieldValidationsWithMPTest=18315, MediatorHierarchyValidationTest=17405, WOPHierarchyValidationTest=17399, CMSNVFieldValidationsWithWOPTest=18314, MPHierarchyValidationTest=17404, simpleTest=1}
Started Smkoe Test for CMSNV
ChromeDriver: chrome on XP (ce642bfdaba5a5878779124be359f5d9)
ChromeDriver: chrome on XP (ce642bfdaba5a5878779124be359f5d9)
[log] CLICK on L(860,172)@S(0)[0,0 1366x768] (537 msec)
[log] CLICK on L(118,706)@S(0)[0,0 1366x768] (540 msec)
[log] CLICK on L(706,408)@S(0)[0,0 1366x768] (545 msec)
[log]  TYPE "Welcome@123"
[log] CLICK on L(753,445)@S(0)[0,0 1366x768] (525 msec)
[log] CLICK on L(596,454)@S(0)[0,0 1366x768] (530 msec)
[log] CLICK on L(105,663)@S(0)[0,0 1366x768] (542 msec)
[log]  TYPE "FD105792"
[log] CLICK on L(520,101)@S(0)[0,0 1366x768] (536 msec)
[log] CLICK on L(98,279)@S(0)[0,0 1366x768] (524 msec)
[log] Ctrl+Alt Graph+Button1+CLICK on L(894,224)@S(0)[0,0 1366x768] (560 msec)
[log] CLICK on L(894,224)@S(0)[0,0 1366x768] (539 msec)
[log] Alt+Alt Graph+CLICK on L(303,386)@S(0)[0,0 1366x768] (547 msec)
[log] CLICK on L(303,386)@S(0)[0,0 1366x768] (543 msec)
[log] CLICK on L(795,406)@S(0)[0,0 1366x768] (528 msec)
[log] CLICK on L(274,334)@S(0)[0,0 1366x768] (533 msec)
Unparseable date: "51171201980312"
[log] CLICK on L(155,132)@S(0)[0,0 1366x768] (540 msec)
[log] CLICK on L(911,607)@S(0)[0,0 1366x768] (533 msec)
[log] CLICK on L(793,406)@S(0)[0,0 1366x768] (523 msec)
[log] CLICK on L(992,520)@S(0)[0,0 1366x768] (525 msec)
[log] CLICK on L(1337,11)@S(0)[0,0 1366x768] (540 msec)
******************************
FD105792

Driver Loaded
ConnectionID:1 ClientConnectionId: 88ec32a7-7faa-491b-ab99-913eb4ccc22d
Connection successfullSQLServerStatement:1
</system-out>
    <system-err>Starting ChromeDriver 2.46.628402 (536cd7adbad73a3783fdc2cab92ab2ba7ec361e1) on port 6816
Only local connections are allowed.
Please protect ports used by ChromeDriver and related test frameworks to prevent access by malicious code.
May 17, 2019 5:31:23 PM org.openqa.selenium.remote.ProtocolHandshake createSession
INFO: Detected dialect: OSS
</system-err>
  </testcase>
  <testcase name="WOPHierarchyValidationTest" classname="com.runner.test.TestEvents" time="0">
    <skipped/>
  </testcase>
  <testcase name="MPHierarchyValidationTest" classname="com.runner.test.TestEvents" time="0">
    <skipped/>
  </testcase>
  <testcase name="MediatorHierarchyValidationTest" classname="com.runner.test.TestEvents" time="0">
    <skipped/>
  </testcase>
  <testcase name="CMSNVFieldValidationsWithWOPTest" classname="com.runner.test.TestEvents" time="0">
    <skipped/>
  </testcase>
  <testcase name="CMSNVFieldValidationsWithMPTest" classname="com.runner.test.TestEvents" time="0">
    <skipped/>
  </testcase>
  <testcase name="closingbrowser" classname="com.runner.test.TestEvents" time="0">
    <skipped/>
  </testcase>
</testsuite>