<?xml version="1.0" encoding="UTF-8"?>
<testng-results skipped="0" failed="0" ignored="0" total="1" passed="1">
  <reporter-output>
  </reporter-output>
  <suite name="Suite" duration-ms="15857" started-at="2019-05-09T11:46:37Z" finished-at="2019-05-09T11:46:53Z">
    <groups>
    </groups>
    <test name="Test" duration-ms="15857" started-at="2019-05-09T11:46:37Z" finished-at="2019-05-09T11:46:53Z">
      <class name="com.runner.test.SimpleTest">
        <test-method status="PASS" signature="simpleTest()[pri:0, instance:com.runner.test.SimpleTest@3890c4da]" name="simpleTest" duration-ms="14" started-at="2019-05-09T11:46:51Z" finished-at="2019-05-09T11:46:51Z">
          <reporter-output>
          </reporter-output>
        </test-method> <!-- simpleTest -->
      </class> <!-- com.runner.test.SimpleTest -->
      <class name="com.runner.test.TestEvents">
        <test-method status="PASS" signature="puhingRecords()[pri:0, instance:com.runner.test.TestEvents@5d676a02]" name="puhingRecords" is-config="true" duration-ms="216160" started-at="2019-05-09T11:43:01Z" finished-at="2019-05-09T11:46:37Z">
          <reporter-output>
          </reporter-output>
        </test-method> <!-- puhingRecords -->
        <test-method status="PASS" signature="connectESBDatabaseTest()[pri:0, instance:com.runner.test.TestEvents@5d676a02]" name="connectESBDatabaseTest" is-config="true" duration-ms="13909" started-at="2019-05-09T11:46:37Z" finished-at="2019-05-09T11:46:51Z">
          <reporter-output>
          </reporter-output>
        </test-method> <!-- connectESBDatabaseTest -->
        <test-method status="PASS" signature="closingbrowser()[pri:0, instance:com.runner.test.TestEvents@5d676a02]" name="closingbrowser" is-config="true" duration-ms="251" started-at="2019-05-09T11:46:53Z" finished-at="2019-05-09T11:46:54Z">
          <reporter-output>
          </reporter-output>
        </test-method> <!-- closingbrowser -->
      </class> <!-- com.runner.test.TestEvents -->
    </test> <!-- Test -->
  </suite> <!-- Suite -->
</testng-results>
