<?xml version="1.0" encoding="UTF-8"?>
<testng-results skipped="0" failed="2" ignored="0" total="5" passed="3">
  <reporter-output>
  </reporter-output>
  <suite name="Suite" duration-ms="6956" started-at="2019-05-16T19:02:03Z" finished-at="2019-05-16T19:02:10Z">
    <groups>
    </groups>
    <test name="Test" duration-ms="6956" started-at="2019-05-16T19:02:03Z" finished-at="2019-05-16T19:02:10Z">
      <class name="com.runner.test.TestEvents">
        <test-method status="PASS" signature="connectESBDatabaseTest()[pri:0, instance:com.runner.test.TestEvents@43bc63a3]" name="connectESBDatabaseTest" is-config="true" duration-ms="2927" started-at="2019-05-16T19:02:03Z" finished-at="2019-05-16T19:02:06Z">
          <reporter-output>
          </reporter-output>
        </test-method> <!-- connectESBDatabaseTest -->
        <test-method status="PASS" signature="WOPHierarchyValidationTest()[pri:1, instance:com.runner.test.TestEvents@43bc63a3]" name="WOPHierarchyValidationTest" duration-ms="19" started-at="2019-05-16T19:02:06Z" finished-at="2019-05-16T19:02:06Z">
          <reporter-output>
          </reporter-output>
        </test-method> <!-- WOPHierarchyValidationTest -->
        <test-method status="PASS" signature="MPHierarchyValidationTest()[pri:2, instance:com.runner.test.TestEvents@43bc63a3]" name="MPHierarchyValidationTest" duration-ms="2" started-at="2019-05-16T19:02:06Z" finished-at="2019-05-16T19:02:06Z">
          <reporter-output>
          </reporter-output>
        </test-method> <!-- MPHierarchyValidationTest -->
        <test-method status="PASS" signature="MediatorHierarchyValidationTest()[pri:3, instance:com.runner.test.TestEvents@43bc63a3]" name="MediatorHierarchyValidationTest" duration-ms="2" started-at="2019-05-16T19:02:06Z" finished-at="2019-05-16T19:02:06Z">
          <reporter-output>
          </reporter-output>
        </test-method> <!-- MediatorHierarchyValidationTest -->
        <test-method status="FAIL" signature="CMSNVFieldValidationsWithWOPTest()[pri:4, instance:com.runner.test.TestEvents@43bc63a3]" name="CMSNVFieldValidationsWithWOPTest" duration-ms="3671" started-at="2019-05-16T19:02:06Z" finished-at="2019-05-16T19:02:09Z">
          <exception class="java.lang.NullPointerException">
            <full-stacktrace>
              <![CDATA[java.lang.NullPointerException
at java.lang.String.replace(String.java:2240)
at com.cmstestbase.test.CMSTestBase.getapiExecute(CMSTestBase.java:587)
at com.utilis.test.Utility.APIResponse(Utility.java:128)
at com.runner.test.TestEvents.CMSNVFieldValidationsWithWOPTest(TestEvents.java:84)
at sun.reflect.NativeMethodAccessorImpl.invoke0(Native Method)
at sun.reflect.NativeMethodAccessorImpl.invoke(NativeMethodAccessorImpl.java:62)
at sun.reflect.DelegatingMethodAccessorImpl.invoke(DelegatingMethodAccessorImpl.java:43)
at java.lang.reflect.Method.invoke(Method.java:498)
at org.testng.internal.MethodInvocationHelper.invokeMethod(MethodInvocationHelper.java:124)
at org.testng.internal.Invoker.invokeMethod(Invoker.java:583)
at org.testng.internal.Invoker.invokeTestMethod(Invoker.java:719)
at org.testng.internal.Invoker.invokeTestMethods(Invoker.java:989)
at org.testng.internal.TestMethodWorker.invokeTestMethods(TestMethodWorker.java:125)
at org.testng.internal.TestMethodWorker.run(TestMethodWorker.java:109)
at org.testng.TestRunner.privateRun(TestRunner.java:648)
at org.testng.TestRunner.run(TestRunner.java:505)
at org.testng.SuiteRunner.runTest(SuiteRunner.java:455)
at org.testng.SuiteRunner.runSequentially(SuiteRunner.java:450)
at org.testng.SuiteRunner.privateRun(SuiteRunner.java:415)
at org.testng.SuiteRunner.run(SuiteRunner.java:364)
at org.testng.SuiteRunnerWorker.runSuite(SuiteRunnerWorker.java:52)
at org.testng.SuiteRunnerWorker.run(SuiteRunnerWorker.java:84)
at org.testng.TestNG.runSuitesSequentially(TestNG.java:1208)
at org.testng.TestNG.runSuitesLocally(TestNG.java:1137)
at org.testng.TestNG.runSuites(TestNG.java:1049)
at org.testng.TestNG.run(TestNG.java:1017)
at org.testng.remote.AbstractRemoteTestNG.run(AbstractRemoteTestNG.java:114)
at org.testng.remote.RemoteTestNG.initAndRun(RemoteTestNG.java:251)
at org.testng.remote.RemoteTestNG.main(RemoteTestNG.java:77)
]]>
            </full-stacktrace>
          </exception> <!-- java.lang.NullPointerException -->
          <reporter-output>
          </reporter-output>
        </test-method> <!-- CMSNVFieldValidationsWithWOPTest -->
        <test-method status="FAIL" signature="CMSNVFieldValidationsWithMPTest()[pri:5, instance:com.runner.test.TestEvents@43bc63a3]" name="CMSNVFieldValidationsWithMPTest" duration-ms="303" started-at="2019-05-16T19:02:09Z" finished-at="2019-05-16T19:02:10Z">
          <exception class="java.lang.NullPointerException">
            <full-stacktrace>
              <![CDATA[java.lang.NullPointerException
at java.util.regex.Matcher.appendReplacement(Matcher.java:804)
at java.util.regex.Matcher.replaceAll(Matcher.java:955)
at java.lang.String.replaceAll(String.java:2223)
at com.cmstestbase.test.CMSTestBase.addparamvaluesinRequest(CMSTestBase.java:1033)
at com.cmstestbase.test.CMSTestBase.testhttpclientforPost(CMSTestBase.java:767)
at com.utilis.test.Utility.APIResponse(Utility.java:136)
at com.runner.test.TestEvents.CMSNVFieldValidationsWithMPTest(TestEvents.java:98)
at sun.reflect.NativeMethodAccessorImpl.invoke0(Native Method)
at sun.reflect.NativeMethodAccessorImpl.invoke(NativeMethodAccessorImpl.java:62)
at sun.reflect.DelegatingMethodAccessorImpl.invoke(DelegatingMethodAccessorImpl.java:43)
at java.lang.reflect.Method.invoke(Method.java:498)
at org.testng.internal.MethodInvocationHelper.invokeMethod(MethodInvocationHelper.java:124)
at org.testng.internal.Invoker.invokeMethod(Invoker.java:583)
at org.testng.internal.Invoker.invokeTestMethod(Invoker.java:719)
at org.testng.internal.Invoker.invokeTestMethods(Invoker.java:989)
at org.testng.internal.TestMethodWorker.invokeTestMethods(TestMethodWorker.java:125)
at org.testng.internal.TestMethodWorker.run(TestMethodWorker.java:109)
at org.testng.TestRunner.privateRun(TestRunner.java:648)
at org.testng.TestRunner.run(TestRunner.java:505)
at org.testng.SuiteRunner.runTest(SuiteRunner.java:455)
at org.testng.SuiteRunner.runSequentially(SuiteRunner.java:450)
at org.testng.SuiteRunner.privateRun(SuiteRunner.java:415)
at org.testng.SuiteRunner.run(SuiteRunner.java:364)
at org.testng.SuiteRunnerWorker.runSuite(SuiteRunnerWorker.java:52)
at org.testng.SuiteRunnerWorker.run(SuiteRunnerWorker.java:84)
at org.testng.TestNG.runSuitesSequentially(TestNG.java:1208)
at org.testng.TestNG.runSuitesLocally(TestNG.java:1137)
at org.testng.TestNG.runSuites(TestNG.java:1049)
at org.testng.TestNG.run(TestNG.java:1017)
at org.testng.remote.AbstractRemoteTestNG.run(AbstractRemoteTestNG.java:114)
at org.testng.remote.RemoteTestNG.initAndRun(RemoteTestNG.java:251)
at org.testng.remote.RemoteTestNG.main(RemoteTestNG.java:77)
]]>
            </full-stacktrace>
          </exception> <!-- java.lang.NullPointerException -->
          <reporter-output>
          </reporter-output>
        </test-method> <!-- CMSNVFieldValidationsWithMPTest -->
      </class> <!-- com.runner.test.TestEvents -->
    </test> <!-- Test -->
  </suite> <!-- Suite -->
</testng-results>
