<?xml version="1.0" encoding="UTF-8"?>
<!-- Generated by org.testng.reporters.JUnitXMLReporter -->
<testsuite hostname="MONO-HYD-LAP-41" name="Default test" tests="3" failures="0" timestamp="7 May 2019 08:44:03 GMT" time="4.657" errors="0">
  <testcase name="WOPHierarchyCreationTest" time="0.01" classname="com.runner.test.TestEvents"/>
  <testcase name="MPHierarchyCreationTest" time="0.0" classname="com.runner.test.TestEvents"/>
  <testcase name="MediatorHierarchyCreationTest" time="0.0" classname="com.runner.test.TestEvents"/>
</testsuite> <!-- Default test -->
