<?xml version="1.0" encoding="UTF-8"?>
<!-- Generated by org.testng.reporters.JUnitXMLReporter -->
<testsuite hostname="MONO-HYD-LAP-41" name="Test" tests="3" failures="0" timestamp="9 May 2019 05:44:08 GMT" time="5.639" errors="0">
  <testcase name="WOPHierarchyCreationTest" time="0.024" classname="com.runner.test.TestEvents"/>
  <testcase name="MPHierarchyCreationTest" time="0.013" classname="com.runner.test.TestEvents"/>
  <testcase name="MediatorHierarchyCreationTest" time="0.0" classname="com.runner.test.TestEvents"/>
</testsuite> <!-- Test -->
