<?xml version="1.0" encoding="UTF-8"?>
<!-- Generated by org.testng.reporters.JUnitXMLReporter -->
<testsuite hostname="MONO-HYD-LAP-41" ignored="0" name="Test" tests="5" failures="0" timestamp="20 May 2019 14:00:45 GMT" time="241.253" errors="0">
  <testcase name="WOPHierarchyValidationTest" time="0.017" classname="com.runner.test.TestEvents"/>
  <testcase name="MPHierarchyValidationTest" time="0.003" classname="com.runner.test.TestEvents"/>
  <testcase name="MediatorHierarchyValidationTest" time="0.004" classname="com.runner.test.TestEvents"/>
  <testcase name="CMSNVFieldValidationsWithWOPTest" time="5.201" classname="com.runner.test.TestEvents"/>
  <testcase name="CMSNVFieldValidationsWithMPTest" time="1.348" classname="com.runner.test.TestEvents"/>
</testsuite> <!-- Test -->
