<?xml version="1.0" encoding="UTF-8"?>
<!-- Generated by org.testng.reporters.JUnitXMLReporter -->
<testsuite hostname="MONO-HYD-LAP-41" ignored="0" name="Test" tests="5" failures="0" timestamp="18 May 2019 15:27:05 GMT" time="38.8" errors="0">
  <testcase name="WOPHierarchyValidationTest" time="0.016" classname="com.runner.test.TestEvents"/>
  <testcase name="MPHierarchyValidationTest" time="0.006" classname="com.runner.test.TestEvents"/>
  <testcase name="MediatorHierarchyValidationTest" time="0.0" classname="com.runner.test.TestEvents"/>
  <testcase name="CMSNVFieldValidationsWithWOPTest" time="5.135" classname="com.runner.test.TestEvents"/>
  <testcase name="CMSNVFieldValidationsWithMPTest" time="1.366" classname="com.runner.test.TestEvents"/>
</testsuite> <!-- Test -->
